Restore Archived Project report for simulador
Fri May  2 21:44:09 2025
Quartus Prime Version 24.1std.0 Build 1077 03/04/2025 SC Standard Edition


---------------------
; Table of Contents ;
---------------------
  1. Legal Notice
  2. Restore Archived Project Summary
  3. Restore Archived Project Messages
  4. Files Restored
  5. Files Not Restored



----------------
; Legal Notice ;
----------------
Copyright (C) 2025  Altera Corporation. All rights reserved.
Your use of Altera Corporation's design tools, logic functions 
and other software and tools, and any partner logic 
functions, and any output files from any of the foregoing 
(including device programming or simulation files), and any 
associated documentation or information are expressly subject 
to the terms and conditions of the Altera Program License 
Subscription Agreement, the Altera Quartus Prime License Agreement,
the Altera IP License Agreement, or other applicable license
agreement, including, without limitation, that your use is for
the sole purpose of programming logic devices manufactured by
Altera and sold by Altera or its authorized distributors.  Please
refer to the Altera Software License Subscription Agreements 
on the Quartus Prime software download page.



+-------------------------------------------------------------------------+
; Restore Archived Project Summary                                        ;
+---------------------------------+---------------------------------------+
; Restore Archived Project Status ; Successful - Fri May  2 21:44:09 2025 ;
; Revision Name                   ; simulador                             ;
; Top-level Entity Name           ; main                                  ;
; Family                          ; Cyclone V                             ;
+---------------------------------+---------------------------------------+


+-----------------------------------+
; Restore Archived Project Messages ;
+-----------------------------------+
Info: Successfully restored 'C:/Users/Carlos Brito/Documents/projeto/simulador_tmp_archive.qar' into the 'C:/Users/Carlos Brito/Documents/projeto_copy/' directory
Info: Generated report 'simulador.restore.rpt'


+-------------------------+
; Files Restored          ;
+-------------------------+
; File Name               ;
+-------------------------+
; qar_info.json           ;
; Waveform.vwf            ;
; and_gate.vhd            ;
; debouncer.vhd           ;
; main.vhd                ;
; nand_gate.vhd           ;
; nor_gate.vhd            ;
; or_gate.vhd             ;
; simulador.qpf           ;
; simulador.qsf           ;
; ula.vhd                 ;
; xnor_gate.vhd           ;
; xor_gate.vhd            ;
; assignment_defaults.qdf ;
+-------------------------+


+--------------------+
; Files Not Restored ;
+--------------------+
; File Name          ;
+--------------------+


